<?xml version="1.0" encoding="UTF-8"?>
<!-- Generated by org.testng.reporters.JUnitReportReporter -->
<testsuite skipped="0" hostname="2DI3052" name="tests.TC_001_Login_Valid1" tests="2" failures="0" timestamp="03 Jan 2020 14:58:56 GMT" time="90.816" errors="0">
  <testcase name="Invalid_Login_Test" time="23.804" classname="tests.TC_001_Login_Valid1"/>
  <testcase name="Valid_Login_Test" time="67.012" classname="tests.TC_001_Login_Valid1"/>
</testsuite> <!-- tests.TC_001_Login_Valid1 -->
