<?xml version="1.0" encoding="UTF-8"?>
<!-- Generated by org.testng.reporters.JUnitReportReporter -->
<testsuite skipped="0" hostname="2DI3052" name="tests.TC_001_Login_Valid1" tests="2" failures="0" timestamp="06 Jan 2020 11:18:59 GMT" time="48.866" errors="0">
  <testcase name="Invalid_Login_Test" time="11.995" classname="tests.TC_001_Login_Valid1"/>
  <testcase name="Valid_Login_Test" time="36.871" classname="tests.TC_001_Login_Valid1"/>
</testsuite> <!-- tests.TC_001_Login_Valid1 -->
